myapp/android/app/build/intermediates/manifest_merge_blame_file/debug/processDebugMainManifest/manifest-merger-blame-debug-report.txt
1<?xml version="1.0" encoding="utf-8"?>
2<manifest xmlns:android="http://schemas.android.com/apk/res/android"
3    package="com.myapp"
4    android:versionCode="1"
5    android:versionName="1.0" >
6
7    <uses-sdk
8        android:minSdkVersion="24"
9        android:targetSdkVersion="34" />
10
11    <uses-permission android:name="android.permission.INTERNET" />
11-->src\main\AndroidManifest.xml:3:5-67
11-->src\main\AndroidManifest.xml:3:22-64
12    <uses-permission android:name="android.permission.CAMERA" />
12-->src\main\AndroidManifest.xml:4:5-65
12-->src\main\AndroidManifest.xml:4:22-62
13    <uses-permission android:name="android.permission.WAKE_LOCK" />
13-->[:react-native-firebase_auth] AndroidManifest.xml:8:5-68
13-->[:react-native-firebase_auth] AndroidManifest.xml:8:22-65
14    <uses-permission android:name="android.permission.ACCESS_NETWORK_STATE" />
14-->[:react-native-firebase_auth] AndroidManifest.xml:9:5-79
14-->[:react-native-firebase_auth] AndroidManifest.xml:9:22-76
15    <!--
16    This manifest file is used only by Gradle to configure debug-only capabilities
17    for React Native Apps.
18    -->
19    <uses-permission android:name="android.permission.SYSTEM_ALERT_WINDOW" />
19-->[com.facebook.react:react-android:0.81.4] AndroidManifest.xml:16:5-78
19-->[com.facebook.react:react-android:0.81.4] AndroidManifest.xml:16:22-75
20    <uses-permission android:name="android.permission.POST_NOTIFICATIONS" /> <!-- Required by older versions of Google Play services to create IID tokens -->
20-->[com.google.firebase:firebase-messaging:25.0.1] AndroidManifest.xml:23:5-77
20-->[com.google.firebase:firebase-messaging:25.0.1] AndroidManifest.xml:23:22-74
21    <uses-permission android:name="com.google.android.c2dm.permission.RECEIVE" />
21-->[com.google.firebase:firebase-messaging:25.0.1] AndroidManifest.xml:26:5-82
21-->[com.google.firebase:firebase-messaging:25.0.1] AndroidManifest.xml:26:22-79
22    <uses-permission android:name="com.google.android.providers.gsf.permission.READ_GSERVICES" />
22-->[com.google.android.recaptcha:recaptcha:18.6.1] AndroidManifest.xml:9:5-98
22-->[com.google.android.recaptcha:recaptcha:18.6.1] AndroidManifest.xml:9:22-95
23
24    <permission
24-->[androidx.core:core:1.13.1] AndroidManifest.xml:22:5-24:47
25        android:name="com.myapp.DYNAMIC_RECEIVER_NOT_EXPORTED_PERMISSION"
25-->[androidx.core:core:1.13.1] AndroidManifest.xml:23:9-81
26        android:protectionLevel="signature" />
26-->[androidx.core:core:1.13.1] AndroidManifest.xml:24:9-44
27
28    <uses-permission android:name="com.myapp.DYNAMIC_RECEIVER_NOT_EXPORTED_PERMISSION" />
28-->[androidx.core:core:1.13.1] AndroidManifest.xml:26:5-97
28-->[androidx.core:core:1.13.1] AndroidManifest.xml:26:22-94
29
30    <application
31        android:name="com.myapp.MainApplication"
31-->src\main\AndroidManifest.xml:7:7-38
32        android:allowBackup="false"
32-->src\main\AndroidManifest.xml:11:7-34
33        android:appComponentFactory="androidx.core.app.CoreComponentFactory"
33-->[androidx.core:core:1.13.1] AndroidManifest.xml:28:18-86
34        android:debuggable="true"
35        android:extractNativeLibs="false"
36        android:icon="@mipmap/ic_launcher"
36-->src\main\AndroidManifest.xml:9:7-41
37        android:label="@string/app_name"
37-->src\main\AndroidManifest.xml:8:7-39
38        android:roundIcon="@mipmap/ic_launcher_round"
38-->src\main\AndroidManifest.xml:10:7-52
39        android:supportsRtl="true"
39-->src\main\AndroidManifest.xml:14:7-33
40        android:theme="@style/AppTheme"
40-->src\main\AndroidManifest.xml:12:7-38
41        android:usesCleartextTraffic="true" >
41-->src\main\AndroidManifest.xml:13:7-61
42        <activity
42-->src\main\AndroidManifest.xml:15:7-26:18
43            android:name="com.myapp.MainActivity"
43-->src\main\AndroidManifest.xml:16:9-37
44            android:configChanges="keyboard|keyboardHidden|orientation|screenLayout|screenSize|smallestScreenSize|uiMode"
44-->src\main\AndroidManifest.xml:18:9-118
45            android:exported="true"
45-->src\main\AndroidManifest.xml:21:9-32
46            android:label="@string/app_name"
46-->src\main\AndroidManifest.xml:17:9-41
47            android:launchMode="singleTask"
47-->src\main\AndroidManifest.xml:19:9-40
48            android:windowSoftInputMode="adjustResize" >
48-->src\main\AndroidManifest.xml:20:9-51
49            <intent-filter>
49-->src\main\AndroidManifest.xml:22:9-25:25
50                <action android:name="android.intent.action.MAIN" />
50-->src\main\AndroidManifest.xml:23:13-65
50-->src\main\AndroidManifest.xml:23:21-62
51
52                <category android:name="android.intent.category.LAUNCHER" />
52-->src\main\AndroidManifest.xml:24:13-73
52-->src\main\AndroidManifest.xml:24:23-70
53            </intent-filter>
54        </activity>
55
56        <service
56-->[:react-native-firebase_messaging] AndroidManifest.xml:12:9-14:40
57            android:name="io.invertase.firebase.messaging.ReactNativeFirebaseMessagingHeadlessService"
57-->[:react-native-firebase_messaging] AndroidManifest.xml:13:13-103
58            android:exported="false" />
58-->[:react-native-firebase_messaging] AndroidManifest.xml:14:13-37
59        <service
59-->[:react-native-firebase_messaging] AndroidManifest.xml:15:9-21:19
60            android:name="io.invertase.firebase.messaging.ReactNativeFirebaseMessagingService"
60-->[:react-native-firebase_messaging] AndroidManifest.xml:16:13-95
61            android:exported="false" >
61-->[:react-native-firebase_messaging] AndroidManifest.xml:17:13-37
62            <intent-filter>
62-->[:react-native-firebase_messaging] AndroidManifest.xml:18:13-20:29
63                <action android:name="com.google.firebase.MESSAGING_EVENT" />
63-->[:react-native-firebase_messaging] AndroidManifest.xml:19:17-78
63-->[:react-native-firebase_messaging] AndroidManifest.xml:19:25-75
64            </intent-filter>
65        </service>
66
67        <receiver
67-->[:react-native-firebase_messaging] AndroidManifest.xml:23:9-30:20
68            android:name="io.invertase.firebase.messaging.ReactNativeFirebaseMessagingReceiver"
68-->[:react-native-firebase_messaging] AndroidManifest.xml:24:13-96
69            android:exported="true"
69-->[:react-native-firebase_messaging] AndroidManifest.xml:25:13-36
70            android:permission="com.google.android.c2dm.permission.SEND" >
70-->[:react-native-firebase_messaging] AndroidManifest.xml:26:13-73
71            <intent-filter>
71-->[:react-native-firebase_messaging] AndroidManifest.xml:27:13-29:29
72                <action android:name="com.google.android.c2dm.intent.RECEIVE" />
72-->[:react-native-firebase_messaging] AndroidManifest.xml:28:17-81
72-->[:react-native-firebase_messaging] AndroidManifest.xml:28:25-78
73            </intent-filter>
74        </receiver>
75
76        <meta-data
76-->[:react-native-firebase_messaging] AndroidManifest.xml:32:9-34:37
77            android:name="delivery_metrics_exported_to_big_query_enabled"
77-->[:react-native-firebase_messaging] AndroidManifest.xml:33:13-74
78            android:value="false" />
78-->[:react-native-firebase_messaging] AndroidManifest.xml:34:13-34
79        <meta-data
79-->[:react-native-firebase_messaging] AndroidManifest.xml:35:9-37:36
80            android:name="firebase_messaging_auto_init_enabled"
80-->[:react-native-firebase_messaging] AndroidManifest.xml:36:13-64
81            android:value="true" />
81-->[:react-native-firebase_messaging] AndroidManifest.xml:37:13-33
82        <meta-data
82-->[:react-native-firebase_messaging] AndroidManifest.xml:38:9-40:37
83            android:name="firebase_messaging_notification_delegation_enabled"
83-->[:react-native-firebase_messaging] AndroidManifest.xml:39:13-78
84            android:value="false" />
84-->[:react-native-firebase_messaging] AndroidManifest.xml:40:13-34
85        <meta-data
85-->[:react-native-firebase_messaging] AndroidManifest.xml:41:9-43:32
86            android:name="com.google.firebase.messaging.default_notification_channel_id"
86-->[:react-native-firebase_messaging] AndroidManifest.xml:42:13-89
87            android:value="" />
87-->[:react-native-firebase_messaging] AndroidManifest.xml:43:13-29
88        <meta-data
88-->[:react-native-firebase_messaging] AndroidManifest.xml:44:9-46:47
89            android:name="com.google.firebase.messaging.default_notification_color"
89-->[:react-native-firebase_messaging] AndroidManifest.xml:45:13-84
90            android:resource="@color/white" />
90-->[:react-native-firebase_messaging] AndroidManifest.xml:46:13-44
91        <meta-data
91-->[:react-native-firebase_app] AndroidManifest.xml:9:9-11:36
92            android:name="app_data_collection_default_enabled"
92-->[:react-native-firebase_app] AndroidManifest.xml:10:13-63
93            android:value="true" />
93-->[:react-native-firebase_app] AndroidManifest.xml:11:13-33
94
95        <service
95-->[:react-native-firebase_app] AndroidManifest.xml:13:9-21:19
96            android:name="com.google.firebase.components.ComponentDiscoveryService"
96-->[:react-native-firebase_app] AndroidManifest.xml:14:13-84
97            android:directBootAware="true"
97-->[:react-native-firebase_app] AndroidManifest.xml:15:13-43
98            android:exported="false" >
98-->[:react-native-firebase_app] AndroidManifest.xml:16:13-37
99            <meta-data
99-->[:react-native-firebase_app] AndroidManifest.xml:18:13-20:85
100                android:name="com.google.firebase.components:io.invertase.firebase.app.ReactNativeFirebaseAppRegistrar"
100-->[:react-native-firebase_app] AndroidManifest.xml:19:17-120
101                android:value="com.google.firebase.components.ComponentRegistrar" />
101-->[:react-native-firebase_app] AndroidManifest.xml:20:17-82
102            <meta-data
102-->[com.google.firebase:firebase-auth:24.0.1] AndroidManifest.xml:69:13-71:85
103                android:name="com.google.firebase.components:com.google.firebase.auth.FirebaseAuthRegistrar"
103-->[com.google.firebase:firebase-auth:24.0.1] AndroidManifest.xml:70:17-109
104                android:value="com.google.firebase.components.ComponentRegistrar" />
104-->[com.google.firebase:firebase-auth:24.0.1] AndroidManifest.xml:71:17-82
105            <meta-data
105-->[com.google.firebase:firebase-firestore:26.0.2] AndroidManifest.xml:17:13-19:85
106                android:name="com.google.firebase.components:com.google.firebase.firestore.FirebaseFirestoreKtxRegistrar"
106-->[com.google.firebase:firebase-firestore:26.0.2] AndroidManifest.xml:18:17-122
107                android:value="com.google.firebase.components.ComponentRegistrar" />
107-->[com.google.firebase:firebase-firestore:26.0.2] AndroidManifest.xml:19:17-82
108            <meta-data
108-->[com.google.firebase:firebase-firestore:26.0.2] AndroidManifest.xml:20:13-22:85
109                android:name="com.google.firebase.components:com.google.firebase.firestore.FirestoreRegistrar"
109-->[com.google.firebase:firebase-firestore:26.0.2] AndroidManifest.xml:21:17-111
110                android:value="com.google.firebase.components.ComponentRegistrar" />
110-->[com.google.firebase:firebase-firestore:26.0.2] AndroidManifest.xml:22:17-82
111            <meta-data
111-->[com.google.firebase:firebase-messaging:25.0.1] AndroidManifest.xml:57:13-59:85
112                android:name="com.google.firebase.components:com.google.firebase.messaging.FirebaseMessagingKtxRegistrar"
112-->[com.google.firebase:firebase-messaging:25.0.1] AndroidManifest.xml:58:17-122
113                android:value="com.google.firebase.components.ComponentRegistrar" />
113-->[com.google.firebase:firebase-messaging:25.0.1] AndroidManifest.xml:59:17-82
114            <meta-data
114-->[com.google.firebase:firebase-messaging:25.0.1] AndroidManifest.xml:60:13-62:85
115                android:name="com.google.firebase.components:com.google.firebase.messaging.FirebaseMessagingRegistrar"
115-->[com.google.firebase:firebase-messaging:25.0.1] AndroidManifest.xml:61:17-119
116                android:value="com.google.firebase.components.ComponentRegistrar" />
116-->[com.google.firebase:firebase-messaging:25.0.1] AndroidManifest.xml:62:17-82
117            <meta-data
117-->[com.google.firebase:firebase-storage:22.0.1] AndroidManifest.xml:30:13-32:85
118                android:name="com.google.firebase.components:com.google.firebase.storage.FirebaseStorageKtxRegistrar"
118-->[com.google.firebase:firebase-storage:22.0.1] AndroidManifest.xml:31:17-118
119                android:value="com.google.firebase.components.ComponentRegistrar" />
119-->[com.google.firebase:firebase-storage:22.0.1] AndroidManifest.xml:32:17-82
120            <meta-data
120-->[com.google.firebase:firebase-storage:22.0.1] AndroidManifest.xml:33:13-35:85
121                android:name="com.google.firebase.components:com.google.firebase.storage.StorageRegistrar"
121-->[com.google.firebase:firebase-storage:22.0.1] AndroidManifest.xml:34:17-107
122                android:value="com.google.firebase.components.ComponentRegistrar" />
122-->[com.google.firebase:firebase-storage:22.0.1] AndroidManifest.xml:35:17-82
123            <meta-data
123-->[com.google.firebase:firebase-appcheck:19.0.1] AndroidManifest.xml:25:13-27:85
124                android:name="com.google.firebase.components:com.google.firebase.appcheck.FirebaseAppCheckKtxRegistrar"
124-->[com.google.firebase:firebase-appcheck:19.0.1] AndroidManifest.xml:26:17-120
125                android:value="com.google.firebase.components.ComponentRegistrar" />
125-->[com.google.firebase:firebase-appcheck:19.0.1] AndroidManifest.xml:27:17-82
126            <meta-data
126-->[com.google.firebase:firebase-appcheck:19.0.1] AndroidManifest.xml:28:13-30:85
127                android:name="com.google.firebase.components:com.google.firebase.appcheck.FirebaseAppCheckRegistrar"
127-->[com.google.firebase:firebase-appcheck:19.0.1] AndroidManifest.xml:29:17-117
128                android:value="com.google.firebase.components.ComponentRegistrar" />
128-->[com.google.firebase:firebase-appcheck:19.0.1] AndroidManifest.xml:30:17-82
129            <meta-data
129-->[com.google.firebase:firebase-installations:19.0.1] AndroidManifest.xml:15:13-17:85
130                android:name="com.google.firebase.components:com.google.firebase.installations.FirebaseInstallationsKtxRegistrar"
130-->[com.google.firebase:firebase-installations:19.0.1] AndroidManifest.xml:16:17-130
131                android:value="com.google.firebase.components.ComponentRegistrar" />
131-->[com.google.firebase:firebase-installations:19.0.1] AndroidManifest.xml:17:17-82
132            <meta-data
132-->[com.google.firebase:firebase-installations:19.0.1] AndroidManifest.xml:18:13-20:85
133                android:name="com.google.firebase.components:com.google.firebase.installations.FirebaseInstallationsRegistrar"
133-->[com.google.firebase:firebase-installations:19.0.1] AndroidManifest.xml:19:17-127
134                android:value="com.google.firebase.components.ComponentRegistrar" />
134-->[com.google.firebase:firebase-installations:19.0.1] AndroidManifest.xml:20:17-82
135            <meta-data
135-->[com.google.firebase:firebase-common:22.0.1] AndroidManifest.xml:35:13-37:85
136                android:name="com.google.firebase.components:com.google.firebase.FirebaseCommonKtxRegistrar"
136-->[com.google.firebase:firebase-common:22.0.1] AndroidManifest.xml:36:17-109
137                android:value="com.google.firebase.components.ComponentRegistrar" />
137-->[com.google.firebase:firebase-common:22.0.1] AndroidManifest.xml:37:17-82
138            <meta-data
138-->[com.google.firebase:firebase-datatransport:18.2.0] AndroidManifest.xml:25:13-27:85
139                android:name="com.google.firebase.components:com.google.firebase.datatransport.TransportRegistrar"
139-->[com.google.firebase:firebase-datatransport:18.2.0] AndroidManifest.xml:26:17-115
140                android:value="com.google.firebase.components.ComponentRegistrar" />
140-->[com.google.firebase:firebase-datatransport:18.2.0] AndroidManifest.xml:27:17-82
141        </service>
142
143        <provider
143-->[:react-native-firebase_app] AndroidManifest.xml:23:9-27:38
144            android:name="io.invertase.firebase.app.ReactNativeFirebaseAppInitProvider"
144-->[:react-native-firebase_app] AndroidManifest.xml:24:13-88
145            android:authorities="com.myapp.reactnativefirebaseappinitprovider"
145-->[:react-native-firebase_app] AndroidManifest.xml:25:13-86
146            android:exported="false"
146-->[:react-native-firebase_app] AndroidManifest.xml:26:13-37
147            android:initOrder="99" />
147-->[:react-native-firebase_app] AndroidManifest.xml:27:13-35
148
149        <activity
149-->[com.facebook.react:react-android:0.81.4] AndroidManifest.xml:19:9-21:40
150            android:name="com.facebook.react.devsupport.DevSettingsActivity"
150-->[com.facebook.react:react-android:0.81.4] AndroidManifest.xml:20:13-77
151            android:exported="false" />
151-->[com.facebook.react:react-android:0.81.4] AndroidManifest.xml:21:13-37
152        <activity
152-->[com.google.firebase:firebase-auth:24.0.1] AndroidManifest.xml:29:9-46:20
153            android:name="com.google.firebase.auth.internal.GenericIdpActivity"
153-->[com.google.firebase:firebase-auth:24.0.1] AndroidManifest.xml:30:13-80
154            android:excludeFromRecents="true"
154-->[com.google.firebase:firebase-auth:24.0.1] AndroidManifest.xml:31:13-46
155            android:exported="true"
155-->[com.google.firebase:firebase-auth:24.0.1] AndroidManifest.xml:32:13-36
156            android:launchMode="singleTask"
156-->[com.google.firebase:firebase-auth:24.0.1] AndroidManifest.xml:33:13-44
157            android:theme="@android:style/Theme.Translucent.NoTitleBar" >
157-->[com.google.firebase:firebase-auth:24.0.1] AndroidManifest.xml:34:13-72
158            <intent-filter>
158-->[com.google.firebase:firebase-auth:24.0.1] AndroidManifest.xml:35:13-45:29
159                <action android:name="android.intent.action.VIEW" />
159-->[com.google.firebase:firebase-auth:24.0.1] AndroidManifest.xml:36:17-69
159-->[com.google.firebase:firebase-auth:24.0.1] AndroidManifest.xml:36:25-66
160
161                <category android:name="android.intent.category.DEFAULT" />
161-->[com.google.firebase:firebase-auth:24.0.1] AndroidManifest.xml:38:17-76
161-->[com.google.firebase:firebase-auth:24.0.1] AndroidManifest.xml:38:27-73
162                <category android:name="android.intent.category.BROWSABLE" />
162-->[com.google.firebase:firebase-auth:24.0.1] AndroidManifest.xml:39:17-78
162-->[com.google.firebase:firebase-auth:24.0.1] AndroidManifest.xml:39:27-75
163
164                <data
164-->[com.google.firebase:firebase-auth:24.0.1] AndroidManifest.xml:41:17-44:51
165                    android:host="firebase.auth"
165-->[com.google.firebase:firebase-auth:24.0.1] AndroidManifest.xml:42:21-49
166                    android:path="/"
166-->[com.google.firebase:firebase-auth:24.0.1] AndroidManifest.xml:43:21-37
167                    android:scheme="genericidp" />
167-->[com.google.firebase:firebase-auth:24.0.1] AndroidManifest.xml:44:21-48
168            </intent-filter>
169        </activity>
170        <activity
170-->[com.google.firebase:firebase-auth:24.0.1] AndroidManifest.xml:47:9-64:20
171            android:name="com.google.firebase.auth.internal.RecaptchaActivity"
171-->[com.google.firebase:firebase-auth:24.0.1] AndroidManifest.xml:48:13-79
172            android:excludeFromRecents="true"
172-->[com.google.firebase:firebase-auth:24.0.1] AndroidManifest.xml:49:13-46
173            android:exported="true"
173-->[com.google.firebase:firebase-auth:24.0.1] AndroidManifest.xml:50:13-36
174            android:launchMode="singleTask"
174-->[com.google.firebase:firebase-auth:24.0.1] AndroidManifest.xml:51:13-44
175            android:theme="@android:style/Theme.Translucent.NoTitleBar" >
175-->[com.google.firebase:firebase-auth:24.0.1] AndroidManifest.xml:52:13-72
176            <intent-filter>
176-->[com.google.firebase:firebase-auth:24.0.1] AndroidManifest.xml:53:13-63:29
177                <action android:name="android.intent.action.VIEW" />
177-->[com.google.firebase:firebase-auth:24.0.1] AndroidManifest.xml:36:17-69
177-->[com.google.firebase:firebase-auth:24.0.1] AndroidManifest.xml:36:25-66
178
179                <category android:name="android.intent.category.DEFAULT" />
179-->[com.google.firebase:firebase-auth:24.0.1] AndroidManifest.xml:38:17-76
179-->[com.google.firebase:firebase-auth:24.0.1] AndroidManifest.xml:38:27-73
180                <category android:name="android.intent.category.BROWSABLE" />
180-->[com.google.firebase:firebase-auth:24.0.1] AndroidManifest.xml:39:17-78
180-->[com.google.firebase:firebase-auth:24.0.1] AndroidManifest.xml:39:27-75
181
182                <data
182-->[com.google.firebase:firebase-auth:24.0.1] AndroidManifest.xml:41:17-44:51
183                    android:host="firebase.auth"
183-->[com.google.firebase:firebase-auth:24.0.1] AndroidManifest.xml:42:21-49
184                    android:path="/"
184-->[com.google.firebase:firebase-auth:24.0.1] AndroidManifest.xml:43:21-37
185                    android:scheme="recaptcha" />
185-->[com.google.firebase:firebase-auth:24.0.1] AndroidManifest.xml:44:21-48
186            </intent-filter>
187        </activity>
188
189        <service
189-->[androidx.credentials:credentials-play-services-auth:1.2.0-rc01] AndroidManifest.xml:24:9-32:19
190            android:name="androidx.credentials.playservices.CredentialProviderMetadataHolder"
190-->[androidx.credentials:credentials-play-services-auth:1.2.0-rc01] AndroidManifest.xml:25:13-94
191            android:enabled="true"
191-->[androidx.credentials:credentials-play-services-auth:1.2.0-rc01] AndroidManifest.xml:26:13-35
192            android:exported="false" >
192-->[androidx.credentials:credentials-play-services-auth:1.2.0-rc01] AndroidManifest.xml:27:13-37
193            <meta-data
193-->[androidx.credentials:credentials-play-services-auth:1.2.0-rc01] AndroidManifest.xml:29:13-31:104
194                android:name="androidx.credentials.CREDENTIAL_PROVIDER_KEY"
194-->[androidx.credentials:credentials-play-services-auth:1.2.0-rc01] AndroidManifest.xml:30:17-76
195                android:value="androidx.credentials.playservices.CredentialProviderPlayServicesImpl" />
195-->[androidx.credentials:credentials-play-services-auth:1.2.0-rc01] AndroidManifest.xml:31:17-101
196        </service>
197
198        <activity
198-->[androidx.credentials:credentials-play-services-auth:1.2.0-rc01] AndroidManifest.xml:34:9-41:20
199            android:name="androidx.credentials.playservices.HiddenActivity"
199-->[androidx.credentials:credentials-play-services-auth:1.2.0-rc01] AndroidManifest.xml:35:13-76
200            android:configChanges="orientation|screenSize|screenLayout|keyboardHidden"
200-->[androidx.credentials:credentials-play-services-auth:1.2.0-rc01] AndroidManifest.xml:36:13-87
201            android:enabled="true"
201-->[androidx.credentials:credentials-play-services-auth:1.2.0-rc01] AndroidManifest.xml:37:13-35
202            android:exported="false"
202-->[androidx.credentials:credentials-play-services-auth:1.2.0-rc01] AndroidManifest.xml:38:13-37
203            android:fitsSystemWindows="true"
203-->[androidx.credentials:credentials-play-services-auth:1.2.0-rc01] AndroidManifest.xml:39:13-45
204            android:theme="@style/Theme.Hidden" >
204-->[androidx.credentials:credentials-play-services-auth:1.2.0-rc01] AndroidManifest.xml:40:13-48
205        </activity>
206        <activity
206-->[com.google.android.gms:play-services-auth:21.4.0] AndroidManifest.xml:23:9-27:75
207            android:name="com.google.android.gms.auth.api.signin.internal.SignInHubActivity"
207-->[com.google.android.gms:play-services-auth:21.4.0] AndroidManifest.xml:24:13-93
208            android:excludeFromRecents="true"
208-->[com.google.android.gms:play-services-auth:21.4.0] AndroidManifest.xml:25:13-46
209            android:exported="false"
209-->[com.google.android.gms:play-services-auth:21.4.0] AndroidManifest.xml:26:13-37
210            android:theme="@android:style/Theme.Translucent.NoTitleBar" />
210-->[com.google.android.gms:play-services-auth:21.4.0] AndroidManifest.xml:27:13-72
211        <!--
212            Service handling Google Sign-In user revocation. For apps that do not integrate with
213            Google Sign-In, this service will never be started.
214        -->
215        <service
215-->[com.google.android.gms:play-services-auth:21.4.0] AndroidManifest.xml:33:9-37:51
216            android:name="com.google.android.gms.auth.api.signin.RevocationBoundService"
216-->[com.google.android.gms:play-services-auth:21.4.0] AndroidManifest.xml:34:13-89
217            android:exported="true"
217-->[com.google.android.gms:play-services-auth:21.4.0] AndroidManifest.xml:35:13-36
218            android:permission="com.google.android.gms.auth.api.signin.permission.REVOCATION_NOTIFICATION"
218-->[com.google.android.gms:play-services-auth:21.4.0] AndroidManifest.xml:36:13-107
219            android:visibleToInstantApps="true" />
219-->[com.google.android.gms:play-services-auth:21.4.0] AndroidManifest.xml:37:13-48
220
221        <receiver
221-->[com.google.firebase:firebase-messaging:25.0.1] AndroidManifest.xml:29:9-40:20
222            android:name="com.google.firebase.iid.FirebaseInstanceIdReceiver"
222-->[com.google.firebase:firebase-messaging:25.0.1] AndroidManifest.xml:30:13-78
223            android:exported="true"
223-->[com.google.firebase:firebase-messaging:25.0.1] AndroidManifest.xml:31:13-36
224            android:permission="com.google.android.c2dm.permission.SEND" >
224-->[com.google.firebase:firebase-messaging:25.0.1] AndroidManifest.xml:32:13-73
225            <intent-filter>
225-->[:react-native-firebase_messaging] AndroidManifest.xml:27:13-29:29
226                <action android:name="com.google.android.c2dm.intent.RECEIVE" />
226-->[:react-native-firebase_messaging] AndroidManifest.xml:28:17-81
226-->[:react-native-firebase_messaging] AndroidManifest.xml:28:25-78
227            </intent-filter>
228
229            <meta-data
229-->[com.google.firebase:firebase-messaging:25.0.1] AndroidManifest.xml:37:13-39:40
230                android:name="com.google.android.gms.cloudmessaging.FINISHED_AFTER_HANDLED"
230-->[com.google.firebase:firebase-messaging:25.0.1] AndroidManifest.xml:38:17-92
231                android:value="true" />
231-->[com.google.firebase:firebase-messaging:25.0.1] AndroidManifest.xml:39:17-37
232        </receiver>
233        <!--
234             FirebaseMessagingService performs security checks at runtime,
235             but set to not exported to explicitly avoid allowing another app to call it.
236        -->
237        <service
237-->[com.google.firebase:firebase-messaging:25.0.1] AndroidManifest.xml:46:9-53:19
238            android:name="com.google.firebase.messaging.FirebaseMessagingService"
238-->[com.google.firebase:firebase-messaging:25.0.1] AndroidManifest.xml:47:13-82
239            android:directBootAware="true"
239-->[com.google.firebase:firebase-messaging:25.0.1] AndroidManifest.xml:48:13-43
240            android:exported="false" >
240-->[com.google.firebase:firebase-messaging:25.0.1] AndroidManifest.xml:49:13-37
241            <intent-filter android:priority="-500" >
241-->[:react-native-firebase_messaging] AndroidManifest.xml:18:13-20:29
242                <action android:name="com.google.firebase.MESSAGING_EVENT" />
242-->[:react-native-firebase_messaging] AndroidManifest.xml:19:17-78
242-->[:react-native-firebase_messaging] AndroidManifest.xml:19:25-75
243            </intent-filter>
244        </service>
245
246        <activity
246-->[com.google.android.gms:play-services-base:18.5.0] AndroidManifest.xml:5:9-173
247            android:name="com.google.android.gms.common.api.GoogleApiActivity"
247-->[com.google.android.gms:play-services-base:18.5.0] AndroidManifest.xml:5:19-85
248            android:exported="false"
248-->[com.google.android.gms:play-services-base:18.5.0] AndroidManifest.xml:5:146-170
249            android:theme="@android:style/Theme.Translucent.NoTitleBar" />
249-->[com.google.android.gms:play-services-base:18.5.0] AndroidManifest.xml:5:86-145
250
251        <provider
251-->[com.google.firebase:firebase-common:22.0.1] AndroidManifest.xml:23:9-28:39
252            android:name="com.google.firebase.provider.FirebaseInitProvider"
252-->[com.google.firebase:firebase-common:22.0.1] AndroidManifest.xml:24:13-77
253            android:authorities="com.myapp.firebaseinitprovider"
253-->[com.google.firebase:firebase-common:22.0.1] AndroidManifest.xml:25:13-72
254            android:directBootAware="true"
254-->[com.google.firebase:firebase-common:22.0.1] AndroidManifest.xml:26:13-43
255            android:exported="false"
255-->[com.google.firebase:firebase-common:22.0.1] AndroidManifest.xml:27:13-37
256            android:initOrder="100" />
256-->[com.google.firebase:firebase-common:22.0.1] AndroidManifest.xml:28:13-36
257        <provider
257-->[androidx.emoji2:emoji2:1.3.0] AndroidManifest.xml:24:9-32:20
258            android:name="androidx.startup.InitializationProvider"
258-->[androidx.emoji2:emoji2:1.3.0] AndroidManifest.xml:25:13-67
259            android:authorities="com.myapp.androidx-startup"
259-->[androidx.emoji2:emoji2:1.3.0] AndroidManifest.xml:26:13-68
260            android:exported="false" >
260-->[androidx.emoji2:emoji2:1.3.0] AndroidManifest.xml:27:13-37
261            <meta-data
261-->[androidx.emoji2:emoji2:1.3.0] AndroidManifest.xml:29:13-31:52
262                android:name="androidx.emoji2.text.EmojiCompatInitializer"
262-->[androidx.emoji2:emoji2:1.3.0] AndroidManifest.xml:30:17-75
263                android:value="androidx.startup" />
263-->[androidx.emoji2:emoji2:1.3.0] AndroidManifest.xml:31:17-49
264            <meta-data